<?xml version="1.0" encoding="UTF-8"?>
<testng-results ignored="0" total="1" passed="1" failed="0" skipped="0">
  <reporter-output>
  </reporter-output>
  <suite started-at="2025-04-24T15:47:19 IST" name="Surefire suite" finished-at="2025-04-24T15:47:29 IST" duration-ms="9635">
    <groups>
    </groups>
    <test started-at="2025-04-24T15:47:19 IST" name="Surefire test" finished-at="2025-04-24T15:47:29 IST" duration-ms="9635">
      <class name="com.example.MiniTest">
        <test-method signature="simpleTest()[pri:0, instance:com.example.MiniTest@314c508a]" started-at="2025-04-24T15:47:19 IST" name="simpleTest" finished-at="2025-04-24T15:47:29 IST" duration-ms="9583" status="PASS">
          <reporter-output>
          </reporter-output>
        </test-method> <!-- simpleTest -->
      </class> <!-- com.example.MiniTest -->
    </test> <!-- Surefire test -->
  </suite> <!-- Surefire suite -->
</testng-results>
